This file contains any messages produced by compilers while
running configure, to aid debugging if configure makes a mistake.

It was created by Tramp configure 2.1.4, which was
generated by GNU Autoconf 2.59.  Invocation command line was

  $ ./configure --with-contrib

## --------- ##
## Platform. ##
## --------- ##

hostname = Keith-Bissets-Computer.local
uname -m = Power Macintosh
uname -r = 8.2.0
uname -s = Darwin
uname -v = Darwin Kernel Version 8.2.0: Fri Jun 24 17:46:54 PDT 2005; root:xnu-792.2.4.obj~3/RELEASE_PPC

/usr/bin/uname -p = powerpc
/bin/uname -X     = unknown

/bin/arch              = unknown
/usr/bin/arch -k       = unknown
/usr/convex/getsysinfo = unknown
hostinfo               = Mach kernel version:
	 Darwin Kernel Version 8.2.0: Fri Jun 24 17:46:54 PDT 2005; root:xnu-792.2.4.obj~3/RELEASE_PPC
Kernel configured for a single processor only.
1 processor is physically available.
Processor type: ppc970 (PowerPC 970)
Processor active: 0
Primary memory available: 2.00 gigabytes
Default processor set: 102 tasks, 280 threads, 1 processors
Load average: 2.45, Mach factor: 0.35
/bin/machine           = unknown
/usr/bin/oslevel       = unknown
/bin/universe          = unknown

PATH: /usr/local/simsci/share/bin
PATH: /Users/kbisset/bin
PATH: /Users/kbisset/software/emacs/bin
PATH: /sw/bin
PATH: /sw/sbin
PATH: /bin
PATH: /sbin
PATH: /usr/bin
PATH: /usr/sbin
PATH: /usr/X11R6/bin


## ----------- ##
## Core tests. ##
## ----------- ##

configure:1244: Tramp 2.1.4
configure:1257: checking for gmake
configure:1286: result: no
configure:1257: checking for make
configure:1273: found /sw/bin/make
configure:1283: result: make
configure:1300: checking for reasonable make version
configure:1303: result: ok
configure:1313: checking whether make sets $(MAKE)
configure:1333: result: yes
configure:1413: checking for emacs
configure:1430: found /sw/bin/emacs
configure:1441: result: yes
configure:1455: checking for emacs flavor
emacs --no-site-file -batch -eval (let ((x (if (featurep 'xemacs) "yes" "no"))) (write-region (if (stringp x) (princ x) (prin1-to-string x)) nil "./conftest-7275"))
=> no
configure:1502: result: emacs
configure:1517: checking for emacs version
emacs --no-site-file -batch -eval (let ((x (if (or (< emacs-major-version 21)	(and (featurep 'xemacs)	     (< emacs-minor-version 4)))    (format "Tramp 2.1.4 is not fit for %s"	    (when (string-match "^.*$" (emacs-version))	      (match-string 0 (emacs-version))))    "ok"))) (write-region (if (stringp x) (princ x) (prin1-to-string x)) nil "./conftest-7275"))
=> ok
configure:1560: result: ok
configure:1578: checking for base64.el
emacs --no-site-file -batch -eval (let ((x (progn (load "base64.el" t) (fboundp 'base64-encode-region)))) (write-region (if (stringp x) (princ x) (prin1-to-string x)) nil "./conftest-7275"))
=> t
configure:1663: result: ok
configure:1671: checking for format-spec.el
emacs --no-site-file -batch -eval (let ((x (progn (load "format-spec.el" t) (fboundp 'format-spec)))) (write-region (if (stringp x) (princ x) (prin1-to-string x)) nil "./conftest-7275"))
Loading format-spec.el (source)...
=> t
configure:1756: result: ok
configure:1764: checking for md5.el
emacs --no-site-file -batch -eval (let ((x (progn (load "md5.el" t) (fboundp 'md5)))) (write-region (if (stringp x) (princ x) (prin1-to-string x)) nil "./conftest-7275"))
=> t
configure:1849: result: ok
configure:1857: checking for password.el
emacs --no-site-file -batch -eval (let ((x (progn (load "password.el" t) (fboundp 'password-cache-add)))) (write-region (if (stringp x) (princ x) (prin1-to-string x)) nil "./conftest-7275"))
=> nil
configure:1919: result: linked to contrib directory
configure:1950: checking for uudecode.el
emacs --no-site-file -batch -eval (let ((x (progn (load "uudecode.el" t) (fboundp 'uudecode-decode-region)))) (write-region (if (stringp x) (princ x) (prin1-to-string x)) nil "./conftest-7275"))
Loading uudecode.el (source)...
=> t
configure:2035: result: ok
configure:2138: checking for run-at-time.el
emacs --no-site-file -batch -eval (let ((x (progn (load "run-at-time.el" t) (fboundp 'run-at-time)))) (write-region (if (stringp x) (princ x) (prin1-to-string x)) nil "./conftest-7275"))
=> t
configure:2223: result: ok
configure:2234: checking for makeinfo
configure:2250: found /sw/bin/makeinfo
configure:2261: result: makeinfo
configure:2274: checking for reasonable makeinfo version
configure:2278: result: ok
configure:2292: checking for texi2dvi
configure:2308: found /sw/bin/texi2dvi
configure:2319: result: texi2dvi
configure:2330: checking for reasonable texi2dvi version
configure:2334: result: ok
configure:2350: checking for install-info
configure:2366: found /sw/sbin/install-info
configure:2376: result: install-info
configure:2437: checking for installation chapter
configure:2446: result: yes
configure:2456: checking for japanese manual
configure:2465: result: no
configure:2473: checking prefix 
configure:2481: result: /usr/local
configure:2484: checking datadir
configure:2497: result: /usr/local/share
configure:2506: checking lispdir
configure:2513: result: /usr/local/share/emacs/site-lisp
configure:2518: checking infodir
configure:2539: result: /usr/local/info
configure:2555: creating info/
configure:2588: checking for ftp-upload
configure:2615: result: no
configure:2767: creating ./config.status

## ---------------------- ##
## Running config.status. ##
## ---------------------- ##

This file was extended by Tramp config.status 2.1.4, which was
generated by GNU Autoconf 2.59.  Invocation command line was

  CONFIG_FILES    = 
  CONFIG_HEADERS  = 
  CONFIG_LINKS    = 
  CONFIG_COMMANDS = 
  $ ./config.status 

on Keith-Bissets-Computer.local

config.status:684: creating Makefile
config.status:684: creating contrib/Makefile
config.status:684: creating lisp/Makefile
config.status:684: creating lisp/trampver.el
config.status:684: creating texi/Makefile
config.status:684: creating texi/trampver.texi

## ---------------- ##
## Cache variables. ##
## ---------------- ##

EMACS_cv_SYS_base64_encode_region=t
EMACS_cv_SYS_emacs_version=ok
EMACS_cv_SYS_format_spec=t
EMACS_cv_SYS_md5=t
EMACS_cv_SYS_password_cache_add=nil
EMACS_cv_SYS_run_at_time=t
EMACS_cv_SYS_uudecode_decode_region=t
EMACS_cv_SYS_xemacsp=no
ac_cv_env_build_alias_set=
ac_cv_env_build_alias_value=
ac_cv_env_host_alias_set=
ac_cv_env_host_alias_value=
ac_cv_env_target_alias_set=
ac_cv_env_target_alias_value=
ac_cv_prog_EMACS_test_emacs=yes
ac_cv_prog_FTP_UPLOAD=no
ac_cv_prog_INSTALL_INFO=install-info
ac_cv_prog_MAKE=make
ac_cv_prog_MAKEINFO=makeinfo
ac_cv_prog_TEXI2DVI=texi2dvi
ac_cv_prog_make_make_set=yes

## ----------------- ##
## Output variables. ##
## ----------------- ##

DEFS='-DPACKAGE_NAME=\"Tramp\" -DPACKAGE_TARNAME=\"tramp\" -DPACKAGE_VERSION=\"2.1.4\" -DPACKAGE_STRING=\"Tramp\ 2.1.4\" -DPACKAGE_BUGREPORT=\"tramp-devel@gnu.org\" '
ECHO_C=''
ECHO_N='-n'
ECHO_T=''
EMACS='emacs'
EMACS_INFO='emacs'
EMACS_test_emacs='yes'
FTP_UPLOAD='no'
INSTALL_CHAPTER='yes'
INSTALL_INFO='install-info'
JA_MANUAL='no'
LIBOBJS=''
LIBS=''
LTLIBOBJS=''
MAKE='make'
MAKEINFO='makeinfo'
PACKAGE_BUGREPORT='tramp-devel@gnu.org'
PACKAGE_NAME='Tramp'
PACKAGE_STRING='Tramp 2.1.4'
PACKAGE_TARNAME='tramp'
PACKAGE_VERSION='2.1.4'
PATH_SEPARATOR=':'
SET_MAKE=''
SHELL='/bin/sh'
TEXI2DVI='texi2dvi'
TRAMP_CLEAN_FILES='.\\\#* \\\#* .*~ *~ *.aux *.cp *.cps *.diff *.dvi *.elc *.fn *.fns *.html *.info *.ky *.log *.pg *.tmp *.toc *.tp *.vr *.vrs'
TRAMP_CONFIG_FILES='Makefile contrib/Makefile lisp/Makefile lisp/trampver.el texi/Makefile texi/trampver.texi'
TRAMP_CONTRIB_FILES='password.el '
TRAMP_EMACS_MERGE_VERSION='2.0.44'
TRAMP_EMACS_VERSION_CHECK='(if (or (< emacs-major-version 21)	(and (featurep 'xemacs)	     (< emacs-minor-version 4)))    (format "Tramp 2.1.4 is not fit for %s"	    (when (string-match "^.*$" (emacs-version))	      (match-string 0 (emacs-version))))    "ok")'
bindir='${exec_prefix}/bin'
build_alias=''
datadir='/usr/local/share'
datadir_default='/usr/local/share'
exec_prefix='${prefix}'
host_alias=''
includedir='${prefix}/include'
infodir='/usr/local/info'
infodir_default='/usr/local/info'
libdir='${exec_prefix}/lib'
libexecdir='${exec_prefix}/libexec'
lispdir='/usr/local/share/emacs/site-lisp'
lispdir_default='/usr/local/share/emacs/site-lisp'
localstatedir='${prefix}/var'
mandir='${prefix}/man'
oldincludedir='/usr/include'
prefix='/usr/local'
prefix_default='/usr/local'
program_transform_name='s,x,x,'
sbindir='${exec_prefix}/sbin'
sharedstatedir='${prefix}/com'
sysconfdir='${prefix}/etc'
target_alias=''

## ----------- ##
## confdefs.h. ##
## ----------- ##

#define PACKAGE_BUGREPORT "tramp-devel@gnu.org"
#define PACKAGE_NAME "Tramp"
#define PACKAGE_STRING "Tramp 2.1.4"
#define PACKAGE_TARNAME "tramp"
#define PACKAGE_VERSION "2.1.4"

configure: exit 0
